<?xml version="1.0" encoding="utf-8"?>
<test-run id="2" name="mock-assembly.exe" fullname="D:/users/wanglin36/Downloads/Nunit3.5.0/bin/net-4.5/mock-assembly.exe" testcasecount="28" result="Failed" start-time="2016-11-01 10:04:28Z" end-time="2016-11-01 10:04:28Z" duration="0.256897" total="28" passed="15" failed="5" inconclusive="1" skipped="7" asserts="2" random-seed="1286630729">
  <command-line><![CDATA["D:\users\wanglin36\Downloads\Nunit3.5.0\bin\net-4.5\mock-assembly.exe" ]]></command-line>
  <filter />
  <test-suite type="Assembly" id="1043" name="mock-assembly.exe" fullname="D:/users/wanglin36/Downloads/Nunit3.5.0/bin/net-4.5/mock-assembly.exe" runstate="Runnable" testcasecount="28" result="Failed" site="Child" start-time="2016-11-01 10:04:28Z" end-time="2016-11-01 10:04:28Z" duration="0.256897" total="28" passed="15" failed="5" inconclusive="1" skipped="7" asserts="2">
    <environment framework-version="3.5.0.0" clr-version="4.0.30319.42000" os-version="Microsoft Windows NT 6.1.7601 Service Pack 1" platform="Win32NT" cwd="D:\users\wanglin36\Downloads\Nunit3.5.0\bin\net-4.5" machine-name="SHCYF59T" user="wanglin36" user-domain="CENTALINE" culture="zh-CN" uiculture="zh-CN" os-architecture="x64" />
    <settings>
      <setting name="WorkDirectory" value="D:\users\wanglin36\Downloads\Nunit3.5.0\bin\net-4.5" />
      <setting name="NumberOfTestWorkers" value="8" />
    </settings>
    <properties>
      <property name="_PID" value="21536" />
      <property name="_APPDOMAIN" value="mock-assembly.exe" />
    </properties>
    <failure>
      <message><![CDATA[One or more child tests had errors]]></message>
    </failure>
    <test-suite type="TestSuite" id="1044" name="NUnit" fullname="NUnit" runstate="Runnable" testcasecount="28" result="Failed" site="Child" start-time="2016-11-01 10:04:28Z" end-time="2016-11-01 10:04:28Z" duration="0.224969" total="28" passed="15" failed="5" inconclusive="1" skipped="7" asserts="2">
      <failure>
        <message><![CDATA[One or more child tests had errors]]></message>
      </failure>
      <test-suite type="TestSuite" id="1045" name="Tests" fullname="NUnit.Tests" runstate="Runnable" testcasecount="28" result="Failed" site="Child" start-time="2016-11-01 10:04:28Z" end-time="2016-11-01 10:04:28Z" duration="0.223027" total="28" passed="15" failed="5" inconclusive="1" skipped="7" asserts="2">
        <failure>
          <message><![CDATA[One or more child tests had errors]]></message>
        </failure>
        <test-suite type="TestSuite" id="1048" name="Assemblies" fullname="NUnit.Tests.Assemblies" runstate="Runnable" testcasecount="8" result="Failed" site="Child" start-time="2016-11-01 10:04:28Z" end-time="2016-11-01 10:04:28Z" duration="0.132783" total="8" passed="1" failed="4" inconclusive="1" skipped="2" asserts="0">
          <failure>
            <message><![CDATA[One or more child tests had errors]]></message>
          </failure>
          <test-suite type="TestFixture" id="1034" name="MockTestFixture" fullname="NUnit.Tests.Assemblies.MockTestFixture" classname="NUnit.Tests.Assemblies.MockTestFixture" runstate="Runnable" testcasecount="8" result="Failed" site="Child" start-time="2016-11-01 10:04:28Z" end-time="2016-11-01 10:04:28Z" duration="0.125835" total="8" passed="1" failed="4" inconclusive="1" skipped="2" asserts="0">
            <properties>
              <property name="Description" value="Fake Test Fixture" />
              <property name="Category" value="FixtureCategory" />
            </properties>
            <failure>
              <message><![CDATA[One or more child tests had errors]]></message>
            </failure>
            <test-case id="1039" name="ExplicitTest" fullname="NUnit.Tests.Assemblies.MockTestFixture.ExplicitTest" methodname="ExplicitTest" classname="NUnit.Tests.Assemblies.MockTestFixture" runstate="Explicit" seed="1295770612" result="Skipped" label="Explicit" start-time="2016-11-01 10:04:28Z" end-time="2016-11-01 10:04:28Z" duration="0.001410" asserts="0" />
            <test-case id="1037" name="FailingTest" fullname="NUnit.Tests.Assemblies.MockTestFixture.FailingTest" methodname="FailingTest" classname="NUnit.Tests.Assemblies.MockTestFixture" runstate="Runnable" seed="1999482781" result="Failed" start-time="2016-11-01 10:04:28Z" end-time="2016-11-01 10:04:28Z" duration="0.101493" asserts="0">
              <failure>
                <message><![CDATA[Intentional failure]]></message>
                <stack-trace><![CDATA[在 NUnit.Tests.Assemblies.MockTestFixture.FailingTest()
]]></stack-trace>
              </failure>
            </test-case>
            <test-case id="1038" name="IgnoreTest" fullname="NUnit.Tests.Assemblies.MockTestFixture.IgnoreTest" methodname="IgnoreTest" classname="NUnit.Tests.Assemblies.MockTestFixture" runstate="Ignored" seed="1803969611" result="Skipped" label="Ignored" start-time="2016-11-01 10:04:28Z" end-time="2016-11-01 10:04:28Z" duration="0.000034" asserts="0">
              <properties>
                <property name="_SKIPREASON" value="Ignore Message" />
              </properties>
              <reason>
                <message><![CDATA[Ignore Message]]></message>
              </reason>
            </test-case>
            <test-case id="1041" name="InconclusiveTest" fullname="NUnit.Tests.Assemblies.MockTestFixture.InconclusiveTest" methodname="InconclusiveTest" classname="NUnit.Tests.Assemblies.MockTestFixture" runstate="Runnable" seed="1206065794" result="Inconclusive" start-time="2016-11-01 10:04:28Z" end-time="2016-11-01 10:04:28Z" duration="0.000779" asserts="0">
              <reason>
                <message><![CDATA[No valid data]]></message>
              </reason>
            </test-case>
            <test-case id="1036" name="NonPublicTest" fullname="NUnit.Tests.Assemblies.MockTestFixture.NonPublicTest" methodname="NonPublicTest" classname="NUnit.Tests.Assemblies.MockTestFixture" runstate="NotRunnable" seed="50936300" result="Failed" label="Invalid" start-time="2016-11-01 10:04:28Z" end-time="2016-11-01 10:04:28Z" duration="0.000160" asserts="0">
              <properties>
                <property name="_SKIPREASON" value="Method is not public" />
              </properties>
              <failure>
                <message><![CDATA[Method is not public]]></message>
              </failure>
            </test-case>
            <test-case id="1040" name="NotRunnableTest" fullname="NUnit.Tests.Assemblies.MockTestFixture.NotRunnableTest" methodname="NotRunnableTest" classname="NUnit.Tests.Assemblies.MockTestFixture" runstate="NotRunnable" seed="1171665074" result="Failed" label="Invalid" start-time="2016-11-01 10:04:28Z" end-time="2016-11-01 10:04:28Z" duration="0.000005" asserts="0">
              <properties>
                <property name="_SKIPREASON" value="No arguments were provided" />
              </properties>
              <failure>
                <message><![CDATA[No arguments were provided]]></message>
              </failure>
            </test-case>
            <test-case id="1035" name="TestWithDescription" fullname="NUnit.Tests.Assemblies.MockTestFixture.TestWithDescription" methodname="TestWithDescription" classname="NUnit.Tests.Assemblies.MockTestFixture" runstate="Runnable" seed="1827794542" result="Passed" start-time="2016-11-01 10:04:28Z" end-time="2016-11-01 10:04:28Z" duration="0.000075" asserts="0">
              <properties>
                <property name="Description" value="Mock Test #1" />
                <property name="Category" value="MockCategory" />
                <property name="Severity" value="Critical" />
              </properties>
            </test-case>
            <test-case id="1042" name="TestWithException" fullname="NUnit.Tests.Assemblies.MockTestFixture.TestWithException" methodname="TestWithException" classname="NUnit.Tests.Assemblies.MockTestFixture" runstate="Runnable" seed="1579930712" result="Failed" label="Error" start-time="2016-11-01 10:04:28Z" end-time="2016-11-01 10:04:28Z" duration="0.002216" asserts="0">
              <failure>
                <message><![CDATA[System.Exception : Intentional Exception]]></message>
                <stack-trace><![CDATA[   在 NUnit.Tests.Assemblies.MockTestFixture.TestWithException()]]></stack-trace>
              </failure>
            </test-case>
          </test-suite>
        </test-suite>
        <test-suite type="TestFixture" id="1007" name="BadFixture" fullname="NUnit.Tests.BadFixture" classname="NUnit.Tests.BadFixture" runstate="NotRunnable" testcasecount="1" result="Failed" label="Invalid" site="SetUp" start-time="2016-11-01 10:04:28Z" end-time="2016-11-01 10:04:28Z" duration="0.000991" total="1" passed="0" failed="1" inconclusive="0" skipped="0" asserts="0">
          <properties>
            <property name="_SKIPREASON" value="No suitable constructor was found" />
          </properties>
          <failure>
            <message><![CDATA[No suitable constructor was found]]></message>
          </failure>
          <test-case id="1008" name="SomeTest" fullname="NUnit.Tests.BadFixture.SomeTest" methodname="SomeTest" classname="NUnit.Tests.BadFixture" runstate="Runnable" seed="31930112" result="Failed" label="Invalid" site="Parent" start-time="0001-01-01 00:00:00Z" end-time="0001-01-01 00:00:00Z" duration="0.000000" asserts="0">
            <failure>
              <message><![CDATA[OneTimeSetUp: No suitable constructor was found]]></message>
            </failure>
          </test-case>
        </test-suite>
        <test-suite type="TestFixture" id="1004" name="ExplicitFixture" fullname="NUnit.Tests.ExplicitFixture" classname="NUnit.Tests.ExplicitFixture" runstate="Explicit" testcasecount="2" result="Skipped" label="Explicit" site="SetUp" start-time="2016-11-01 10:04:28Z" end-time="2016-11-01 10:04:28Z" duration="0.002003" total="2" passed="0" failed="0" inconclusive="0" skipped="2" asserts="0">
          <test-case id="1005" name="Test1" fullname="NUnit.Tests.ExplicitFixture.Test1" methodname="Test1" classname="NUnit.Tests.ExplicitFixture" runstate="Runnable" seed="1441217390" result="Skipped" label="Explicit" site="Parent" start-time="0001-01-01 00:00:00Z" end-time="0001-01-01 00:00:00Z" duration="0.000000" asserts="0">
            <reason>
              <message><![CDATA[OneTimeSetUp: ]]></message>
            </reason>
          </test-case>
          <test-case id="1006" name="Test2" fullname="NUnit.Tests.ExplicitFixture.Test2" methodname="Test2" classname="NUnit.Tests.ExplicitFixture" runstate="Runnable" seed="1762358892" result="Skipped" label="Explicit" site="Parent" start-time="0001-01-01 00:00:00Z" end-time="0001-01-01 00:00:00Z" duration="0.000000" asserts="0">
            <reason>
              <message><![CDATA[OneTimeSetUp: ]]></message>
            </reason>
          </test-case>
        </test-suite>
        <test-suite type="TestFixture" id="1009" name="FixtureWithTestCases" fullname="NUnit.Tests.FixtureWithTestCases" classname="NUnit.Tests.FixtureWithTestCases" runstate="Runnable" testcasecount="4" result="Passed" start-time="2016-11-01 10:04:28Z" end-time="2016-11-01 10:04:28Z" duration="0.039033" total="4" passed="4" failed="0" inconclusive="0" skipped="0" asserts="2">
          <test-suite type="GenericMethod" id="1015" name="GenericMethod" fullname="NUnit.Tests.FixtureWithTestCases.GenericMethod" classname="NUnit.Tests.FixtureWithTestCases" runstate="Runnable" testcasecount="2" result="Passed" start-time="2016-11-01 10:04:28Z" end-time="2016-11-01 10:04:28Z" duration="0.004010" total="2" passed="2" failed="0" inconclusive="0" skipped="0" asserts="0">
            <test-case id="1013" name="GenericMethod&lt;Int32&gt;(2,4)" fullname="NUnit.Tests.FixtureWithTestCases.GenericMethod&lt;Int32&gt;(2,4)" methodname="GenericMethod" classname="NUnit.Tests.FixtureWithTestCases" runstate="Runnable" seed="278735243" result="Passed" start-time="2016-11-01 10:04:28Z" end-time="2016-11-01 10:04:28Z" duration="0.000088" asserts="0" />
            <test-case id="1014" name="GenericMethod&lt;Double&gt;(9.2d,11.7d)" fullname="NUnit.Tests.FixtureWithTestCases.GenericMethod&lt;Double&gt;(9.2d,11.7d)" methodname="GenericMethod" classname="NUnit.Tests.FixtureWithTestCases" runstate="Runnable" seed="208170844" result="Passed" start-time="2016-11-01 10:04:28Z" end-time="2016-11-01 10:04:28Z" duration="0.000105" asserts="0" />
          </test-suite>
          <test-suite type="ParameterizedMethod" id="1012" name="MethodWithParameters" fullname="NUnit.Tests.FixtureWithTestCases.MethodWithParameters" classname="NUnit.Tests.FixtureWithTestCases" runstate="Runnable" testcasecount="2" result="Passed" start-time="2016-11-01 10:04:28Z" end-time="2016-11-01 10:04:28Z" duration="0.030966" total="2" passed="2" failed="0" inconclusive="0" skipped="0" asserts="2">
            <test-case id="1010" name="MethodWithParameters(2,2)" fullname="NUnit.Tests.FixtureWithTestCases.MethodWithParameters(2,2)" methodname="MethodWithParameters" classname="NUnit.Tests.FixtureWithTestCases" runstate="Runnable" seed="486005046" result="Passed" start-time="2016-11-01 10:04:28Z" end-time="2016-11-01 10:04:28Z" duration="0.027473" asserts="1" />
            <test-case id="1011" name="MethodWithParameters(9,11)" fullname="NUnit.Tests.FixtureWithTestCases.MethodWithParameters(9,11)" methodname="MethodWithParameters" classname="NUnit.Tests.FixtureWithTestCases" runstate="Runnable" seed="266343731" result="Passed" start-time="2016-11-01 10:04:28Z" end-time="2016-11-01 10:04:28Z" duration="0.000079" asserts="1" />
          </test-suite>
        </test-suite>
        <test-suite type="GenericFixture" id="1029" name="GenericFixture&lt;T&gt;" fullname="NUnit.Tests.GenericFixture&lt;T&gt;" runstate="Runnable" testcasecount="4" result="Passed" start-time="2016-11-01 10:04:28Z" end-time="2016-11-01 10:04:28Z" duration="0.190994" total="4" passed="4" failed="0" inconclusive="0" skipped="0" asserts="0">
          <test-suite type="TestFixture" id="1026" name="GenericFixture&lt;Double&gt;(11.5d)" fullname="NUnit.Tests.GenericFixture&lt;Double&gt;(11.5d)" classname="NUnit.Tests.GenericFixture`1" runstate="Runnable" testcasecount="2" result="Passed" start-time="2016-11-01 10:04:28Z" end-time="2016-11-01 10:04:28Z" duration="0.004010" total="2" passed="2" failed="0" inconclusive="0" skipped="0" asserts="0">
            <test-case id="1027" name="Test1" fullname="NUnit.Tests.GenericFixture&lt;Double&gt;(11.5d).Test1" methodname="Test1" classname="NUnit.Tests.GenericFixture`1" runstate="Runnable" seed="901610350" result="Passed" start-time="2016-11-01 10:04:28Z" end-time="2016-11-01 10:04:28Z" duration="0.000080" asserts="0" />
            <test-case id="1028" name="Test2" fullname="NUnit.Tests.GenericFixture&lt;Double&gt;(11.5d).Test2" methodname="Test2" classname="NUnit.Tests.GenericFixture`1" runstate="Runnable" seed="1864289690" result="Passed" start-time="2016-11-01 10:04:28Z" end-time="2016-11-01 10:04:28Z" duration="0.000066" asserts="0" />
          </test-suite>
          <test-suite type="TestFixture" id="1023" name="GenericFixture&lt;Int32&gt;(5)" fullname="NUnit.Tests.GenericFixture&lt;Int32&gt;(5)" classname="NUnit.Tests.GenericFixture`1" runstate="Runnable" testcasecount="2" result="Passed" start-time="2016-11-01 10:04:28Z" end-time="2016-11-01 10:04:28Z" duration="0.004022" total="2" passed="2" failed="0" inconclusive="0" skipped="0" asserts="0">
            <test-case id="1024" name="Test1" fullname="NUnit.Tests.GenericFixture&lt;Int32&gt;(5).Test1" methodname="Test1" classname="NUnit.Tests.GenericFixture`1" runstate="Runnable" seed="1078050700" result="Passed" start-time="2016-11-01 10:04:28Z" end-time="2016-11-01 10:04:28Z" duration="0.000066" asserts="0" />
            <test-case id="1025" name="Test2" fullname="NUnit.Tests.GenericFixture&lt;Int32&gt;(5).Test2" methodname="Test2" classname="NUnit.Tests.GenericFixture`1" runstate="Runnable" seed="1755045341" result="Passed" start-time="2016-11-01 10:04:28Z" end-time="2016-11-01 10:04:28Z" duration="0.000063" asserts="0" />
          </test-suite>
        </test-suite>
        <test-suite type="TestFixture" id="1000" name="IgnoredFixture" fullname="NUnit.Tests.IgnoredFixture" classname="NUnit.Tests.IgnoredFixture" runstate="Ignored" testcasecount="3" result="Skipped" label="Ignored" site="SetUp" start-time="2016-11-01 10:04:28Z" end-time="2016-11-01 10:04:28Z" duration="0.002997" total="3" passed="0" failed="0" inconclusive="0" skipped="3" asserts="0">
          <properties>
            <property name="_SKIPREASON" value="BECAUSE" />
          </properties>
          <reason>
            <message><![CDATA[BECAUSE]]></message>
          </reason>
          <test-case id="1001" name="Test1" fullname="NUnit.Tests.IgnoredFixture.Test1" methodname="Test1" classname="NUnit.Tests.IgnoredFixture" runstate="Runnable" seed="2123287557" result="Skipped" label="Ignored" site="Parent" start-time="0001-01-01 00:00:00Z" end-time="0001-01-01 00:00:00Z" duration="0.000000" asserts="0">
            <reason>
              <message><![CDATA[OneTimeSetUp: BECAUSE]]></message>
            </reason>
          </test-case>
          <test-case id="1002" name="Test2" fullname="NUnit.Tests.IgnoredFixture.Test2" methodname="Test2" classname="NUnit.Tests.IgnoredFixture" runstate="Runnable" seed="116288242" result="Skipped" label="Ignored" site="Parent" start-time="0001-01-01 00:00:00Z" end-time="0001-01-01 00:00:00Z" duration="0.000000" asserts="0">
            <reason>
              <message><![CDATA[OneTimeSetUp: BECAUSE]]></message>
            </reason>
          </test-case>
          <test-case id="1003" name="Test3" fullname="NUnit.Tests.IgnoredFixture.Test3" methodname="Test3" classname="NUnit.Tests.IgnoredFixture" runstate="Runnable" seed="1306870337" result="Skipped" label="Ignored" site="Parent" start-time="0001-01-01 00:00:00Z" end-time="0001-01-01 00:00:00Z" duration="0.000000" asserts="0">
            <reason>
              <message><![CDATA[OneTimeSetUp: BECAUSE]]></message>
            </reason>
          </test-case>
        </test-suite>
        <test-suite type="ParameterizedFixture" id="1022" name="ParameterizedFixture" fullname="NUnit.Tests.ParameterizedFixture" runstate="Runnable" testcasecount="4" result="Passed" start-time="2016-11-01 10:04:28Z" end-time="2016-11-01 10:04:28Z" duration="0.207998" total="4" passed="4" failed="0" inconclusive="0" skipped="0" asserts="0">
          <test-suite type="TestFixture" id="1019" name="ParameterizedFixture(42)" fullname="NUnit.Tests.ParameterizedFixture(42)" classname="NUnit.Tests.ParameterizedFixture" runstate="Runnable" testcasecount="2" result="Passed" start-time="2016-11-01 10:04:28Z" end-time="2016-11-01 10:04:28Z" duration="0.004011" total="2" passed="2" failed="0" inconclusive="0" skipped="0" asserts="0">
            <test-case id="1020" name="Test1" fullname="NUnit.Tests.ParameterizedFixture(42).Test1" methodname="Test1" classname="NUnit.Tests.ParameterizedFixture" runstate="Runnable" seed="1906106027" result="Passed" start-time="2016-11-01 10:04:28Z" end-time="2016-11-01 10:04:28Z" duration="0.000065" asserts="0" />
            <test-case id="1021" name="Test2" fullname="NUnit.Tests.ParameterizedFixture(42).Test2" methodname="Test2" classname="NUnit.Tests.ParameterizedFixture" runstate="Runnable" seed="1315145668" result="Passed" start-time="2016-11-01 10:04:28Z" end-time="2016-11-01 10:04:28Z" duration="0.000091" asserts="0" />
          </test-suite>
          <test-suite type="TestFixture" id="1016" name="ParameterizedFixture(5)" fullname="NUnit.Tests.ParameterizedFixture(5)" classname="NUnit.Tests.ParameterizedFixture" runstate="Runnable" testcasecount="2" result="Passed" start-time="2016-11-01 10:04:28Z" end-time="2016-11-01 10:04:28Z" duration="0.004003" total="2" passed="2" failed="0" inconclusive="0" skipped="0" asserts="0">
            <test-case id="1017" name="Test1" fullname="NUnit.Tests.ParameterizedFixture(5).Test1" methodname="Test1" classname="NUnit.Tests.ParameterizedFixture" runstate="Runnable" seed="1245318104" result="Passed" start-time="2016-11-01 10:04:28Z" end-time="2016-11-01 10:04:28Z" duration="0.000022" asserts="0" />
            <test-case id="1018" name="Test2" fullname="NUnit.Tests.ParameterizedFixture(5).Test2" methodname="Test2" classname="NUnit.Tests.ParameterizedFixture" runstate="Runnable" seed="729542178" result="Passed" start-time="2016-11-01 10:04:28Z" end-time="2016-11-01 10:04:28Z" duration="0.000022" asserts="0" />
          </test-suite>
        </test-suite>
        <test-suite type="TestSuite" id="1047" name="Singletons" fullname="NUnit.Tests.Singletons" runstate="Runnable" testcasecount="1" result="Passed" start-time="2016-11-01 10:04:28Z" end-time="2016-11-01 10:04:28Z" duration="0.211968" total="1" passed="1" failed="0" inconclusive="0" skipped="0" asserts="0">
          <test-suite type="TestFixture" id="1032" name="OneTestCase" fullname="NUnit.Tests.Singletons.OneTestCase" classname="NUnit.Tests.Singletons.OneTestCase" runstate="Runnable" testcasecount="1" result="Passed" start-time="2016-11-01 10:04:28Z" end-time="2016-11-01 10:04:28Z" duration="0.002003" total="1" passed="1" failed="0" inconclusive="0" skipped="0" asserts="0">
            <test-case id="1033" name="TestCase" fullname="NUnit.Tests.Singletons.OneTestCase.TestCase" methodname="TestCase" classname="NUnit.Tests.Singletons.OneTestCase" runstate="Runnable" seed="410283254" result="Passed" start-time="2016-11-01 10:04:28Z" end-time="2016-11-01 10:04:28Z" duration="0.000077" asserts="0" />
          </test-suite>
        </test-suite>
        <test-suite type="TestSuite" id="1046" name="TestAssembly" fullname="NUnit.Tests.TestAssembly" runstate="Runnable" testcasecount="1" result="Passed" start-time="2016-11-01 10:04:28Z" end-time="2016-11-01 10:04:28Z" duration="0.215961" total="1" passed="1" failed="0" inconclusive="0" skipped="0" asserts="0">
          <test-suite type="TestFixture" id="1030" name="MockTestFixture" fullname="NUnit.Tests.TestAssembly.MockTestFixture" classname="NUnit.Tests.TestAssembly.MockTestFixture" runstate="Runnable" testcasecount="1" result="Passed" start-time="2016-11-01 10:04:28Z" end-time="2016-11-01 10:04:28Z" duration="0.002010" total="1" passed="1" failed="0" inconclusive="0" skipped="0" asserts="0">
            <test-case id="1031" name="MyTest" fullname="NUnit.Tests.TestAssembly.MockTestFixture.MyTest" methodname="MyTest" classname="NUnit.Tests.TestAssembly.MockTestFixture" runstate="Runnable" seed="760842977" result="Passed" start-time="2016-11-01 10:04:28Z" end-time="2016-11-01 10:04:28Z" duration="0.000075" asserts="0" />
          </test-suite>
        </test-suite>
      </test-suite>
    </test-suite>
  </test-suite>
</test-run>